<?xml version="1.0" encoding="UTF-8"?>
<testsuite name="com.shortcuts.app.AutomationViewModelTest" tests="1" skipped="0" failures="0" errors="0" timestamp="2026-08-03T02:53:48" hostname="Agams-MacBook-Air.local" time="0.531">
  <properties/>
  <testcase name="insert automation calls repository insert" classname="com.shortcuts.app.AutomationViewModelTest" time="0.531"/>
  <system-out><![CDATA[]]></system-out>
  <system-err><![CDATA[WARNING: A Java agent has been loaded dynamically (/Users/agamairi/.gradle/caches/modules-2/files-2.1/net.bytebuddy/byte-buddy-agent/1.14.6/46e2545d7a97b6ccb195621650c5957279eb4812/byte-buddy-agent-1.14.6.jar)
WARNING: If a serviceability tool is in use, please run with -XX:+EnableDynamicAgentLoading to hide this warning
WARNING: If a serviceability tool is not in use, please run with -Djdk.instrument.traceUsage for more information
WARNING: Dynamic loading of agents will be disallowed by default in a future release
]]></system-err>
</testsuite>
